Using pre-set license
Built from '2020.3/staging' branch; Version is '2020.3.10f1 (297d780c91bc) revision 2719096'; Using compiler version '192528614'; Build Type 'Release'
OS: 'Windows 10 Pro; OS build 19044.1288; Version 2009; 64bit' Language: 'en' Physical Memory: 7981 MB
BatchMode: 1, IsHumanControllingUs: 0, StartBugReporterOnCrash: 0, Is64bit: 1, IsPro: 0

 COMMAND LINE ARGUMENTS:
C:\Program Files\Unity\Hub\Editor\2020.3.10f1\Editor\Unity.exe
-adb2
-batchMode
-noUpm
-name
AssetImportWorker0
-projectPath
C:/Users/Beta Mode/Documents/GitHub/zombierunner/zombiedefensegame
-logFile
Logs/AssetImportWorker0.log
-srvPort
60639
Successfully changed project path to: C:/Users/Beta Mode/Documents/GitHub/zombierunner/zombiedefensegame
C:/Users/Beta Mode/Documents/GitHub/zombierunner/zombiedefensegame
Using Asset Import Pipeline V2.
Refreshing native plugins compatible for Editor in 264.98 ms, found 5 plugins.
Preloading 0 native plugins for Editor in 0.00 ms.
Initialize engine version: 2020.3.10f1 (297d780c91bc)
[Subsystems] Discovering subsystems at path C:/Program Files/Unity/Hub/Editor/2020.3.10f1/Editor/Data/Resources/UnitySubsystems
[Subsystems] Discovering subsystems at path C:/Users/Beta Mode/Documents/GitHub/zombierunner/zombiedefensegame/Assets
GfxDevice: creating device client; threaded=0
Direct3D:
    Version:  Direct3D 11.0 [level 11.1]
    Renderer: NVIDIA GeForce GTX 1650 Ti (ID=0x1f95)
    Vendor:   
    VRAM:     3962 MB
    Driver:   27.21.14.5638
Shader 'Amazing Assets/Curved World/Particles/Lit': fallback shader 'Universal Render Pipeline/Particles/SimpleLit' not found
Shader 'Amazing Assets/Curved World/Tutorial/Surface Shader (Finished)': fallback shader 'Hidden/Amazing Assets/Curved World/Fallback/VertexLit' not found
Shader 'Universal Render Pipeline/Particles/Lit': fallback shader 'Universal Render Pipeline/Particles/SimpleLit' not found
Initialize mono
Mono path[0] = 'C:/Program Files/Unity/Hub/Editor/2020.3.10f1/Editor/Data/Managed'
Mono path[1] = 'C:/Program Files/Unity/Hub/Editor/2020.3.10f1/Editor/Data/MonoBleedingEdge/lib/mono/unityjit'
Mono config path = 'C:/Program Files/Unity/Hub/Editor/2020.3.10f1/Editor/Data/MonoBleedingEdge/etc'
Using monoOptions --debugger-agent=transport=dt_socket,embedding=1,server=y,suspend=n,address=127.0.0.1:56748
Begin MonoManager ReloadAssembly
Registering precompiled unity dll's ...
Register platform support module: C:/Program Files/Unity/Hub/Editor/2020.3.10f1/Editor/Data/PlaybackEngines/WindowsStandaloneSupport/UnityEditor.WindowsStandalone.Extensions.dll
Registered in 0.003106 seconds.
Native extension for WindowsStandalone target not found
Refreshing native plugins compatible for Editor in 231.51 ms, found 5 plugins.
Preloading 0 native plugins for Editor in 0.00 ms.
Mono: successfully reloaded assembly
- Completed reload, in  5.324 seconds
Platform modules already initialized, skipping
Registering precompiled user dll's ...
Registered in 0.027773 seconds.
Begin MonoManager ReloadAssembly
Native extension for WindowsStandalone target not found
Refreshing native plugins compatible for Editor in 255.74 ms, found 5 plugins.
Preloading 0 native plugins for Editor in 0.00 ms.
Mono: successfully reloaded assembly
- Completed reload, in  2.075 seconds
Platform modules already initialized, skipping
========================================================================
Worker process is ready to serve import requests
Shader 'Amazing Assets/Curved World/Particles/Lit': fallback shader 'Universal Render Pipeline/Particles/SimpleLit' not found
Shader 'Amazing Assets/Curved World/Tutorial/Surface Shader (Finished)': fallback shader 'Hidden/Amazing Assets/Curved World/Fallback/VertexLit' not found
Shader 'Universal Render Pipeline/Particles/Lit': fallback shader 'Universal Render Pipeline/Particles/SimpleLit' not found
Launched and connected shader compiler UnityShaderCompiler.exe after 0.05 seconds
Refreshing native plugins compatible for Editor in 1.91 ms, found 5 plugins.
Preloading 0 native plugins for Editor in 0.00 ms.
Unloading 5287 Unused Serialized files (Serialized files now loaded: 0)
System memory in use before: 255.3 MB.
System memory in use after: 255.7 MB.

Unloading 79 unused Assets to reduce memory usage. Loaded Objects now: 5739.
Total: 29.855600 ms (FindLiveObjects: 0.534100 ms CreateObjectMapping: 0.383200 ms MarkObjects: 28.738700 ms  DeleteObjects: 0.198000 ms)

========================================================================
Received Import Request.
  path: Assets/GameAssets/Scenes/EndlessLevel.unity
  artifactKey: Guid(b88bdf12bd566204396fb514edece3b0) Importer(815301076,1909f56bfc062723c751e8b465ee728b)
Start importing Assets/GameAssets/Scenes/EndlessLevel.unity using Guid(b88bdf12bd566204396fb514edece3b0) Importer(815301076,1909f56bfc062723c751e8b465ee728b)  -> (artifact id: '3e86e900ccf13079d90ccd2116d7a35b') in 0.019395 seconds
  Import took 0.029578 seconds .

